<?xml version="1.0" encoding="UTF-8" ?>
<testsuite errors="1" failures="0" hostname="tennisist-laptop" name="com.nosto.fun.game1.player.DefenceServiceImplTest" skipped="0" tests="1" time="0.0" timestamp="2015-04-17T04:48:09">
  <properties>
[...]
</properties>
  <error message="com.nosto.fun.game1.player.DefenceServiceImplTest" type="java.lang.ClassNotFoundException">java.lang.ClassNotFoundException: com.nosto.fun.game1.player.DefenceServiceImplTest
	at java.net.URLClassLoader$1.run(URLClassLoader.java:366)
	at java.net.URLClassLoader$1.run(URLClassLoader.java:355)
	at java.security.AccessController.doPrivileged(Native Method)
	at java.net.URLClassLoader.findClass(URLClassLoader.java:354)
	at java.lang.ClassLoader.loadClass(ClassLoader.java:425)
	at java.lang.ClassLoader.loadClass(ClassLoader.java:358)
	at java.lang.ClassLoader.loadClass(ClassLoader.java:358)
	at java.lang.Class.forName0(Native Method)
	at java.lang.Class.forName(Class.java:274)
</error>
  <system-out><![CDATA[]]></system-out>
  <system-err><![CDATA[]]></system-err>
</testsuite>
